<?xml version="1.0" encoding="UTF-8"?>
<!-- Generated by org.testng.reporters.JUnitReportReporter -->
<testsuite hostname="Norms" failures="0" tests="1" name="testCases.TC003_ValidatingUserProfile" time="2.585" errors="0" timestamp="2025-07-30T16:12:34 CST" skipped="0">
  <testcase classname="testCases.TC003_ValidatingUserProfile" name="ValidatingUserProfileName" time="2.585"/>
</testsuite> <!-- testCases.TC003_ValidatingUserProfile -->
