<?xml version="1.0" encoding="UTF-8"?>
<!-- Generated by org.testng.reporters.JUnitReportReporter -->
<testsuite hostname="Norms" failures="0" tests="1" name="testCases.RegisterTest" time="0.331" errors="0" timestamp="2025-07-21T23:07:56 CST" skipped="0">
  <testcase classname="testCases.RegisterTest" name="register" time="0.331"/>
</testsuite> <!-- testCases.RegisterTest -->
