<?xml version="1.0" encoding="UTF-8"?>
<!-- Generated by org.testng.reporters.JUnitReportReporter -->
<testsuite hostname="Norms" failures="0" tests="1" name="testCases.LoginTest" time="0.322" errors="0" timestamp="2025-07-21T23:56:14 CST" skipped="0">
  <testcase classname="testCases.LoginTest" name="register" time="0.322"/>
</testsuite> <!-- testCases.LoginTest -->
