<?xml version="1.0" encoding="UTF-8"?>
<!-- Generated by org.testng.reporters.JUnitReportReporter -->
<testsuite hostname="Norms" failures="0" tests="1" name="testCases.TC002_LoginTestWithInvalidCredentials" time="3.307" errors="0" timestamp="2025-08-14T02:21:08 CDT" skipped="0">
  <testcase classname="testCases.TC002_LoginTestWithInvalidCredentials" name="loginWithInvalidCreddentials" time="3.307"/>
</testsuite> <!-- testCases.TC002_LoginTestWithInvalidCredentials -->
